<?xml version="1.0" encoding="UTF-8"?>
<!-- Generated by org.testng.reporters.JUnitReportReporter -->
<testsuite hostname="DESKTOP-J3FSO6O" failures="0" tests="1" name="Bsic.Qaabc" time="7.289" errors="0" timestamp="2024-03-20T22:29:10 IST" skipped="0">
  <testcase classname="Bsic.Qaabc" name="dws" time="7.289"/>
</testsuite> <!-- Bsic.Qaabc -->
