<?xml version="1.0" encoding="UTF-8"?>
<!-- Generated by org.testng.reporters.JUnitReportReporter -->
<testsuite hostname="DESKTOP-J3FSO6O" failures="0" tests="1" name="Bsic.sScenario6" time="11.248" errors="0" timestamp="2024-03-21T10:54:38 IST" skipped="0">
  <testcase classname="Bsic.sScenario6" name="precondition1" time="11.248"/>
</testsuite> <!-- Bsic.sScenario6 -->
