<?xml version="1.0" encoding="UTF-8"?>
<!-- Generated by org.testng.reporters.JUnitReportReporter -->
<testsuite hostname="DESKTOP-J3FSO6O" failures="0" tests="1" name="Bsic.Scenario6" time="10.951" errors="0" timestamp="2024-03-21T11:04:48 IST" skipped="0">
  <testcase classname="Bsic.Scenario6" name="precondition1" time="10.951"/>
</testsuite> <!-- Bsic.Scenario6 -->
