<?xml version="1.0" encoding="UTF-8"?>
<!-- Generated by org.testng.reporters.JUnitReportReporter -->
<testsuite hostname="DESKTOP-J3FSO6O" failures="0" tests="1" name="Batch1.Class2" time="2.626" errors="0" timestamp="2024-02-28T14:24:42 IST" skipped="0">
  <testcase classname="Batch1.Class2" name="amazon" time="2.626">
    <system-out>
      <![CDATA[I am in amazon]]>
    </system-out>
  </testcase> <!-- amazon -->
  <system-out>
    <![CDATA[I am in Flipkart
I am in amazon
I am in nike
I am in reebook
I am in myntra
I am in Bmw]]>
  </system-out>
</testsuite> <!-- Batch1.Class2 -->
