<?xml version="1.0" encoding="UTF-8"?>
<!-- Generated by org.testng.reporters.JUnitReportReporter -->
<testsuite hostname="DESKTOP-J3FSO6O" failures="0" tests="1" name="Bsic.Scenario4" time="10.744" errors="0" timestamp="2024-03-21T10:50:44 IST" skipped="0">
  <testcase classname="Bsic.Scenario4" name="precondition1" time="10.744"/>
</testsuite> <!-- Bsic.Scenario4 -->
