<?xml version="1.0" encoding="UTF-8"?>
<!-- Generated by org.testng.reporters.JUnitReportReporter -->
<testsuite hostname="DESKTOP-J3FSO6O" failures="0" tests="1" name="Batch1.Class5" time="3.828" errors="0" timestamp="2024-02-28T14:24:42 IST" skipped="0">
  <testcase classname="Batch1.Class5" name="Myntra" time="3.828">
    <system-out>
      <![CDATA[I am in myntra]]>
    </system-out>
  </testcase> <!-- Myntra -->
  <system-out>
    <![CDATA[I am in Flipkart
I am in amazon
I am in nike
I am in reebook
I am in myntra
I am in Bmw]]>
  </system-out>
</testsuite> <!-- Batch1.Class5 -->
