<?xml version="1.0" encoding="UTF-8"?>
<!-- Generated by org.testng.reporters.JUnitReportReporter -->
<testsuite hostname="DESKTOP-J3FSO6O" failures="0" tests="1" name="Bsic.Scenario5" time="8.064" errors="0" timestamp="2024-03-21T09:52:35 IST" skipped="0">
  <testcase classname="Bsic.Scenario5" name="precondition1" time="8.064"/>
</testsuite> <!-- Bsic.Scenario5 -->
