<?xml version="1.0" encoding="UTF-8"?>
<!-- Generated by org.testng.reporters.JUnitReportReporter -->
<testsuite hostname="DESKTOP-J3FSO6O" failures="0" tests="2" name="Bsic.SkipMessage" time="1.034" errors="1" timestamp="2024-03-04T13:18:12 IST" skipped="1">
  <testcase classname="Bsic.SkipMessage" name="DWS" time="0.001">
    <skipped/>
  </testcase> <!-- DWS -->
  <testcase classname="Bsic.SkipMessage" name="redbus" time="1.033">
    <error message="Method Bsic.SkipMessage.redbus() didn&#039;t finish within the time-out 1000" type="org.testng.internal.thread.ThreadTimeoutException">
      <![CDATA[org.testng.internal.thread.ThreadTimeoutException: Method Bsic.SkipMessage.redbus() didn't finish within the time-out 1000
at platform/jdk.crypto.ec@18.0.2.1/sun.security.ec.SunEC.putEdDSAEntries(SunEC.java:371)
at platform/jdk.crypto.ec@18.0.2.1/sun.security.ec.SunEC.putEntries(SunEC.java:251)
at platform/jdk.crypto.ec@18.0.2.1/sun.security.ec.SunEC$1.run(SunEC.java:194)
at platform/jdk.crypto.ec@18.0.2.1/sun.security.ec.SunEC$1.run(SunEC.java:192)
at java.base@18.0.2.1/java.security.AccessController.executePrivileged(AccessController.java:776)
at java.base@18.0.2.1/java.security.AccessController.doPrivileged(AccessController.java:318)
at platform/jdk.crypto.ec@18.0.2.1/sun.security.ec.SunEC.<init>(SunEC.java:192)
at java.base@18.0.2.1/java.lang.invoke.DirectMethodHandle$Holder.newInvokeSpecial(DirectMethodHandle$Holder)
at java.base@18.0.2.1/java.lang.invoke.Invokers$Holder.invokeExact_MT(Invokers$Holder)
at java.base@18.0.2.1/jdk.internal.reflect.DirectConstructorHandleAccessor.invokeImpl(DirectConstructorHandleAccessor.java:91)
at java.base@18.0.2.1/jdk.internal.reflect.DirectConstructorHandleAccessor.newInstance(DirectConstructorHandleAccessor.java:67)
at java.base@18.0.2.1/java.lang.reflect.Constructor.newInstanceWithCaller(Constructor.java:499)
at java.base@18.0.2.1/java.lang.reflect.Constructor.newInstance(Constructor.java:483)
at java.base@18.0.2.1/java.util.ServiceLoader$ProviderImpl.newInstance(ServiceLoader.java:789)
at java.base@18.0.2.1/java.util.ServiceLoader$ProviderImpl.get(ServiceLoader.java:729)
at java.base@18.0.2.1/java.util.ServiceLoader$3.next(ServiceLoader.java:1403)
at java.base@18.0.2.1/sun.security.jca.ProviderConfig$ProviderLoader.load(ProviderConfig.java:347)
at java.base@18.0.2.1/sun.security.jca.ProviderConfig$3.run(ProviderConfig.java:254)
at java.base@18.0.2.1/sun.security.jca.ProviderConfig$3.run(ProviderConfig.java:248)
at java.base@18.0.2.1/java.security.AccessController.executePrivileged(AccessController.java:776)
at java.base@18.0.2.1/java.security.AccessController.doPrivileged(AccessController.java:318)
at java.base@18.0.2.1/sun.security.jca.ProviderConfig.doLoadProvider(ProviderConfig.java:248)
at java.base@18.0.2.1/sun.security.jca.ProviderConfig.getProvider(ProviderConfig.java:226)
at java.base@18.0.2.1/sun.security.jca.ProviderList.getProvider(ProviderList.java:270)
at java.base@18.0.2.1/sun.security.jca.ProviderList.getService(ProviderList.java:383)
at java.base@18.0.2.1/sun.security.jca.GetInstance.getInstance(GetInstance.java:157)
at java.base@18.0.2.1/javax.net.ssl.SSLContext.getInstance(SSLContext.java:185)
at app//io.netty.handler.ssl.JdkSslContext$Defaults.init(JdkSslContext.java:99)
at app//io.netty.handler.ssl.JdkSslContext.<clinit>(JdkSslContext.java:73)
at app//io.netty.handler.ssl.SslContext.newClientContextInternal(SslContext.java:825)
at app//io.netty.handler.ssl.SslContextBuilder.build(SslContextBuilder.java:615)
at app//org.asynchttpclient.netty.ssl.DefaultSslEngineFactory.buildSslContext(DefaultSslEngineFactory.java:59)
at app//org.asynchttpclient.netty.ssl.DefaultSslEngineFactory.init(DefaultSslEngineFactory.java:74)
at app//org.asynchttpclient.netty.channel.ChannelManager.<init>(ChannelManager.java:104)
at app//org.asynchttpclient.DefaultAsyncHttpClient.<init>(DefaultAsyncHttpClient.java:92)
at app//org.asynchttpclient.Dsl.asyncHttpClient(Dsl.java:32)
at app//org.openqa.selenium.remote.http.netty.NettyClient.createHttpClient(NettyClient.java:91)
at app//org.openqa.selenium.remote.http.netty.NettyClient.<clinit>(NettyClient.java:43)
at app//org.openqa.selenium.remote.http.netty.NettyClient$Factory.createClient(NettyClient.java:124)
at app//org.openqa.selenium.remote.HttpCommandExecutor.<init>(HttpCommandExecutor.java:115)
at app//org.openqa.selenium.remote.HttpCommandExecutor.<init>(HttpCommandExecutor.java:92)
at app//org.openqa.selenium.remote.service.DriverCommandExecutor.<init>(DriverCommandExecutor.java:89)
at app//org.openqa.selenium.chromium.ChromiumDriverCommandExecutor.<init>(ChromiumDriverCommandExecutor.java:43)
at app//org.openqa.selenium.chrome.ChromeDriver$ChromeDriverCommandExecutor.<init>(ChromeDriver.java:115)
at app//org.openqa.selenium.chrome.ChromeDriver.generateExecutor(ChromeDriver.java:105)
at app//org.openqa.selenium.chrome.ChromeDriver.<init>(ChromeDriver.java:88)
at app//org.openqa.selenium.chrome.ChromeDriver.<init>(ChromeDriver.java:83)
at app//org.openqa.selenium.chrome.ChromeDriver.<init>(ChromeDriver.java:51)
at app//Bsic.SkipMessage.redbus(SkipMessage.java:12)
at java.base@18.0.2.1/java.lang.invoke.LambdaForm$DMH/0x0000000800d15c00.invokeVirtual(LambdaForm$DMH)
at java.base@18.0.2.1/java.lang.invoke.LambdaForm$MH/0x0000000800d18400.invoke(LambdaForm$MH)
at java.base@18.0.2.1/java.lang.invoke.Invokers$Holder.invokeExact_MT(Invokers$Holder)
at java.base@18.0.2.1/jdk.internal.reflect.DirectMethodHandleAccessor.invokeImpl(DirectMethodHandleAccessor.java:154)
at java.base@18.0.2.1/jdk.internal.reflect.DirectMethodHandleAccessor.invoke(DirectMethodHandleAccessor.java:104)
at java.base@18.0.2.1/java.lang.reflect.Method.invoke(Method.java:577)
at app//org.testng.internal.invokers.MethodInvocationHelper.invokeMethod(MethodInvocationHelper.java:139)
at app//org.testng.internal.invokers.InvokeMethodRunnable.runOne(InvokeMethodRunnable.java:47)
at app//org.testng.internal.invokers.InvokeMethodRunnable.call(InvokeMethodRunnable.java:76)
at app//org.testng.internal.invokers.InvokeMethodRunnable.call(InvokeMethodRunnable.java:11)
at java.base@18.0.2.1/java.util.concurrent.FutureTask.run(FutureTask.java:264)
at java.base@18.0.2.1/java.util.concurrent.ThreadPoolExecutor.runWorker(ThreadPoolExecutor.java:1136)
at java.base@18.0.2.1/java.util.concurrent.ThreadPoolExecutor$Worker.run(ThreadPoolExecutor.java:635)
at java.base@18.0.2.1/java.lang.Thread.run(Thread.java:833)
]]>
    </error>
  </testcase> <!-- redbus -->
</testsuite> <!-- Bsic.SkipMessage -->
